<?xml version="1.0" encoding="UTF-8"?>
<!-- Generated by org.testng.reporters.JUnitReportReporter -->
<testsuite hostname="koingdevs-MacBook-Pro.local" name="com.koingdev.appium.RucTestNG" tests="3" failures="0" timestamp="13 Dec 2017 01:34:50 GMT" time="22.418" errors="0">
  <testcase name="testClickOnFirstCell" time="7.745" classname="com.koingdev.appium.RucTestNG"/>
  <testcase name="testCheckDefaultScreenName" time="8.004" classname="com.koingdev.appium.RucTestNG"/>
  <testcase name="testClickOnMenu" time="6.669" classname="com.koingdev.appium.RucTestNG"/>
</testsuite> <!-- com.koingdev.appium.RucTestNG -->
